<?xml version="1.0" encoding="UTF-8"?>
<testng-results skipped="0" failed="0" ignored="0" total="1" passed="1">
  <reporter-output>
  </reporter-output>
  <suite name="Default suite" duration-ms="58688" started-at="2018-07-13T10:21:31Z" finished-at="2018-07-13T10:22:30Z">
    <groups>
    </groups>
    <test name="Default test" duration-ms="58688" started-at="2018-07-13T10:21:31Z" finished-at="2018-07-13T10:22:30Z">
      <class name="Selenium.PNCBATCH.Assisment1">
        <test-method status="PASS" signature="beforeTest()[pri:0, instance:Selenium.PNCBATCH.Assisment1@9629756]" name="beforeTest" is-config="true" duration-ms="58570" started-at="2018-07-13T15:51:31Z" finished-at="2018-07-13T15:52:30Z">
          <reporter-output>
          </reporter-output>
        </test-method> <!-- beforeTest -->
        <test-method status="PASS" signature="f()[pri:0, instance:Selenium.PNCBATCH.Assisment1@9629756]" name="f" duration-ms="13" started-at="2018-07-13T15:52:30Z" finished-at="2018-07-13T15:52:30Z">
          <reporter-output>
          </reporter-output>
        </test-method> <!-- f -->
        <test-method status="PASS" signature="afterTest()[pri:0, instance:Selenium.PNCBATCH.Assisment1@9629756]" name="afterTest" is-config="true" duration-ms="1" started-at="2018-07-13T15:52:30Z" finished-at="2018-07-13T15:52:30Z">
          <reporter-output>
          </reporter-output>
        </test-method> <!-- afterTest -->
      </class> <!-- Selenium.PNCBATCH.Assisment1 -->
    </test> <!-- Default test -->
  </suite> <!-- Default suite -->
</testng-results>
