<?xml version="1.0" encoding="UTF-8"?>
<!-- Generated by org.testng.reporters.JUnitXMLReporter -->
<testsuite hostname="P4A-508SD52" name="Test" tests="2" failures="1" timestamp="25 Jul 2018 06:47:02 GMT" time="1.508" errors="0">
  <testcase name="LoginInvalid" time="0.047" classname="tests.LoginTest">
    <failure type="java.lang.AssertionError" message="expected [Tested] but found [Tested123]">
      <![CDATA[java.lang.AssertionError: expected [Tested] but found [Tested123]
	at tests.LoginTest.LoginInvalid(LoginTest.java:18)
... Removed 29 stack frames]]>
    </failure>
  </testcase> <!-- LoginInvalid -->
  <testcase name="LoginValid" time="0.0" classname="tests.LoginTest"/>
</testsuite> <!-- Test -->
